Performing C SOURCE FILE Test OpenMP_FLAG_DETECTED failed with the following output:
Change Dir: /Users/joshua/Projects/sisl/build/CMakeFiles/CMakeTmp

Run Build Command:"/usr/bin/make" "cmTryCompileExec3180065551/fast"
/Applications/Xcode.app/Contents/Developer/usr/bin/make -f CMakeFiles/cmTryCompileExec3180065551.dir/build.make CMakeFiles/cmTryCompileExec3180065551.dir/build
/opt/local/bin/cmake -E cmake_progress_report /Users/joshua/Projects/sisl/build/CMakeFiles/CMakeTmp/CMakeFiles 1
Building C object CMakeFiles/cmTryCompileExec3180065551.dir/src.c.o
/usr/bin/cc   -DOpenMP_FLAG_DETECTED   -o CMakeFiles/cmTryCompileExec3180065551.dir/src.c.o   -c /Users/joshua/Projects/sisl/build/CMakeFiles/CMakeTmp/src.c
/Users/joshua/Projects/sisl/build/CMakeFiles/CMakeTmp/src.c:2:10: fatal error: 'omp.h' file not found
#include <omp.h>
         ^
1 error generated.
make[1]: *** [CMakeFiles/cmTryCompileExec3180065551.dir/src.c.o] Error 1
make: *** [cmTryCompileExec3180065551/fast] Error 2

Source file was:

#include <omp.h>
int main() {
#ifdef _OPENMP
  return 0;
#else
  breaks_on_purpose
#endif
}

Performing C SOURCE FILE Test OpenMP_FLAG_DETECTED failed with the following output:
Change Dir: /Users/joshua/Projects/sisl/build/CMakeFiles/CMakeTmp

Run Build Command:"/usr/bin/make" "cmTryCompileExec1806646884/fast"
/Applications/Xcode.app/Contents/Developer/usr/bin/make -f CMakeFiles/cmTryCompileExec1806646884.dir/build.make CMakeFiles/cmTryCompileExec1806646884.dir/build
/opt/local/bin/cmake -E cmake_progress_report /Users/joshua/Projects/sisl/build/CMakeFiles/CMakeTmp/CMakeFiles 1
Building C object CMakeFiles/cmTryCompileExec1806646884.dir/src.c.o
/usr/bin/cc   -DOpenMP_FLAG_DETECTED -fopenmp   -o CMakeFiles/cmTryCompileExec1806646884.dir/src.c.o   -c /Users/joshua/Projects/sisl/build/CMakeFiles/CMakeTmp/src.c
clang: warning: argument unused during compilation: '-fopenmp'
/Users/joshua/Projects/sisl/build/CMakeFiles/CMakeTmp/src.c:2:10: fatal error: 'omp.h' file not found
#include <omp.h>
         ^
1 error generated.
make[1]: *** [CMakeFiles/cmTryCompileExec1806646884.dir/src.c.o] Error 1
make: *** [cmTryCompileExec1806646884/fast] Error 2

Source file was:

#include <omp.h>
int main() {
#ifdef _OPENMP
  return 0;
#else
  breaks_on_purpose
#endif
}

Performing C SOURCE FILE Test OpenMP_FLAG_DETECTED failed with the following output:
Change Dir: /Users/joshua/Projects/sisl/build/CMakeFiles/CMakeTmp

Run Build Command:"/usr/bin/make" "cmTryCompileExec1270062574/fast"
/Applications/Xcode.app/Contents/Developer/usr/bin/make -f CMakeFiles/cmTryCompileExec1270062574.dir/build.make CMakeFiles/cmTryCompileExec1270062574.dir/build
/opt/local/bin/cmake -E cmake_progress_report /Users/joshua/Projects/sisl/build/CMakeFiles/CMakeTmp/CMakeFiles 1
Building C object CMakeFiles/cmTryCompileExec1270062574.dir/src.c.o
/usr/bin/cc   -DOpenMP_FLAG_DETECTED /openmp   -o CMakeFiles/cmTryCompileExec1270062574.dir/src.c.o   -c /Users/joshua/Projects/sisl/build/CMakeFiles/CMakeTmp/src.c
clang: error: no such file or directory: '/openmp'
make[1]: *** [CMakeFiles/cmTryCompileExec1270062574.dir/src.c.o] Error 1
make: *** [cmTryCompileExec1270062574/fast] Error 2

Source file was:

#include <omp.h>
int main() {
#ifdef _OPENMP
  return 0;
#else
  breaks_on_purpose
#endif
}

Performing C SOURCE FILE Test OpenMP_FLAG_DETECTED failed with the following output:
Change Dir: /Users/joshua/Projects/sisl/build/CMakeFiles/CMakeTmp

Run Build Command:"/usr/bin/make" "cmTryCompileExec3064819088/fast"
/Applications/Xcode.app/Contents/Developer/usr/bin/make -f CMakeFiles/cmTryCompileExec3064819088.dir/build.make CMakeFiles/cmTryCompileExec3064819088.dir/build
/opt/local/bin/cmake -E cmake_progress_report /Users/joshua/Projects/sisl/build/CMakeFiles/CMakeTmp/CMakeFiles 1
Building C object CMakeFiles/cmTryCompileExec3064819088.dir/src.c.o
/usr/bin/cc   -DOpenMP_FLAG_DETECTED -Qopenmp   -o CMakeFiles/cmTryCompileExec3064819088.dir/src.c.o   -c /Users/joshua/Projects/sisl/build/CMakeFiles/CMakeTmp/src.c
clang: error: unknown argument: '-Qopenmp'
make[1]: *** [CMakeFiles/cmTryCompileExec3064819088.dir/src.c.o] Error 1
make: *** [cmTryCompileExec3064819088/fast] Error 2

Source file was:

#include <omp.h>
int main() {
#ifdef _OPENMP
  return 0;
#else
  breaks_on_purpose
#endif
}

Performing C SOURCE FILE Test OpenMP_FLAG_DETECTED failed with the following output:
Change Dir: /Users/joshua/Projects/sisl/build/CMakeFiles/CMakeTmp

Run Build Command:"/usr/bin/make" "cmTryCompileExec3059304983/fast"
/Applications/Xcode.app/Contents/Developer/usr/bin/make -f CMakeFiles/cmTryCompileExec3059304983.dir/build.make CMakeFiles/cmTryCompileExec3059304983.dir/build
/opt/local/bin/cmake -E cmake_progress_report /Users/joshua/Projects/sisl/build/CMakeFiles/CMakeTmp/CMakeFiles 1
Building C object CMakeFiles/cmTryCompileExec3059304983.dir/src.c.o
/usr/bin/cc   -DOpenMP_FLAG_DETECTED -openmp   -o CMakeFiles/cmTryCompileExec3059304983.dir/src.c.o   -c /Users/joshua/Projects/sisl/build/CMakeFiles/CMakeTmp/src.c
/Users/joshua/Projects/sisl/build/CMakeFiles/CMakeTmp/src.c:2:10: fatal error: 'omp.h' file not found
#include <omp.h>
         ^
1 error generated.
make[1]: *** [CMakeFiles/cmTryCompileExec3059304983.dir/src.c.o] Error 1
make: *** [cmTryCompileExec3059304983/fast] Error 2

Source file was:

#include <omp.h>
int main() {
#ifdef _OPENMP
  return 0;
#else
  breaks_on_purpose
#endif
}

Performing C SOURCE FILE Test OpenMP_FLAG_DETECTED failed with the following output:
Change Dir: /Users/joshua/Projects/sisl/build/CMakeFiles/CMakeTmp

Run Build Command:"/usr/bin/make" "cmTryCompileExec2077724949/fast"
/Applications/Xcode.app/Contents/Developer/usr/bin/make -f CMakeFiles/cmTryCompileExec2077724949.dir/build.make CMakeFiles/cmTryCompileExec2077724949.dir/build
/opt/local/bin/cmake -E cmake_progress_report /Users/joshua/Projects/sisl/build/CMakeFiles/CMakeTmp/CMakeFiles 1
Building C object CMakeFiles/cmTryCompileExec2077724949.dir/src.c.o
/usr/bin/cc   -DOpenMP_FLAG_DETECTED -xopenmp   -o CMakeFiles/cmTryCompileExec2077724949.dir/src.c.o   -c /Users/joshua/Projects/sisl/build/CMakeFiles/CMakeTmp/src.c
clang: error: language not recognized: 'openmp'
clang: warning: /Users/joshua/Projects/sisl/build/CMakeFiles/CMakeTmp/src.c: 'linker' input unused
make[1]: *** [CMakeFiles/cmTryCompileExec2077724949.dir/src.c.o] Error 1
make: *** [cmTryCompileExec2077724949/fast] Error 2

Source file was:

#include <omp.h>
int main() {
#ifdef _OPENMP
  return 0;
#else
  breaks_on_purpose
#endif
}

Performing C SOURCE FILE Test OpenMP_FLAG_DETECTED failed with the following output:
Change Dir: /Users/joshua/Projects/sisl/build/CMakeFiles/CMakeTmp

Run Build Command:"/usr/bin/make" "cmTryCompileExec1747665572/fast"
/Applications/Xcode.app/Contents/Developer/usr/bin/make -f CMakeFiles/cmTryCompileExec1747665572.dir/build.make CMakeFiles/cmTryCompileExec1747665572.dir/build
/opt/local/bin/cmake -E cmake_progress_report /Users/joshua/Projects/sisl/build/CMakeFiles/CMakeTmp/CMakeFiles 1
Building C object CMakeFiles/cmTryCompileExec1747665572.dir/src.c.o
/usr/bin/cc   -DOpenMP_FLAG_DETECTED +Oopenmp   -o CMakeFiles/cmTryCompileExec1747665572.dir/src.c.o   -c /Users/joshua/Projects/sisl/build/CMakeFiles/CMakeTmp/src.c
clang: error: no such file or directory: '+Oopenmp'
make[1]: *** [CMakeFiles/cmTryCompileExec1747665572.dir/src.c.o] Error 1
make: *** [cmTryCompileExec1747665572/fast] Error 2

Source file was:

#include <omp.h>
int main() {
#ifdef _OPENMP
  return 0;
#else
  breaks_on_purpose
#endif
}

Performing C SOURCE FILE Test OpenMP_FLAG_DETECTED failed with the following output:
Change Dir: /Users/joshua/Projects/sisl/build/CMakeFiles/CMakeTmp

Run Build Command:"/usr/bin/make" "cmTryCompileExec90815395/fast"
/Applications/Xcode.app/Contents/Developer/usr/bin/make -f CMakeFiles/cmTryCompileExec90815395.dir/build.make CMakeFiles/cmTryCompileExec90815395.dir/build
/opt/local/bin/cmake -E cmake_progress_report /Users/joshua/Projects/sisl/build/CMakeFiles/CMakeTmp/CMakeFiles 1
Building C object CMakeFiles/cmTryCompileExec90815395.dir/src.c.o
/usr/bin/cc   -DOpenMP_FLAG_DETECTED -qsmp   -o CMakeFiles/cmTryCompileExec90815395.dir/src.c.o   -c /Users/joshua/Projects/sisl/build/CMakeFiles/CMakeTmp/src.c
clang: error: unknown argument: '-qsmp'
make[1]: *** [CMakeFiles/cmTryCompileExec90815395.dir/src.c.o] Error 1
make: *** [cmTryCompileExec90815395/fast] Error 2

Source file was:

#include <omp.h>
int main() {
#ifdef _OPENMP
  return 0;
#else
  breaks_on_purpose
#endif
}

Performing C SOURCE FILE Test OpenMP_FLAG_DETECTED failed with the following output:
Change Dir: /Users/joshua/Projects/sisl/build/CMakeFiles/CMakeTmp

Run Build Command:"/usr/bin/make" "cmTryCompileExec2373378172/fast"
/Applications/Xcode.app/Contents/Developer/usr/bin/make -f CMakeFiles/cmTryCompileExec2373378172.dir/build.make CMakeFiles/cmTryCompileExec2373378172.dir/build
/opt/local/bin/cmake -E cmake_progress_report /Users/joshua/Projects/sisl/build/CMakeFiles/CMakeTmp/CMakeFiles 1
Building C object CMakeFiles/cmTryCompileExec2373378172.dir/src.c.o
/usr/bin/cc   -DOpenMP_FLAG_DETECTED -mp   -o CMakeFiles/cmTryCompileExec2373378172.dir/src.c.o   -c /Users/joshua/Projects/sisl/build/CMakeFiles/CMakeTmp/src.c
clang: error: unknown argument: '-mp'
make[1]: *** [CMakeFiles/cmTryCompileExec2373378172.dir/src.c.o] Error 1
make: *** [cmTryCompileExec2373378172/fast] Error 2

Source file was:

#include <omp.h>
int main() {
#ifdef _OPENMP
  return 0;
#else
  breaks_on_purpose
#endif
}

Performing C++ SOURCE FILE Test OpenMP_FLAG_DETECTED failed with the following output:
Change Dir: /Users/joshua/Projects/sisl/build/CMakeFiles/CMakeTmp

Run Build Command:"/usr/bin/make" "cmTryCompileExec3220958918/fast"
/Applications/Xcode.app/Contents/Developer/usr/bin/make -f CMakeFiles/cmTryCompileExec3220958918.dir/build.make CMakeFiles/cmTryCompileExec3220958918.dir/build
/opt/local/bin/cmake -E cmake_progress_report /Users/joshua/Projects/sisl/build/CMakeFiles/CMakeTmp/CMakeFiles 1
Building CXX object CMakeFiles/cmTryCompileExec3220958918.dir/src.cxx.o
/usr/bin/c++    -DOpenMP_FLAG_DETECTED   -o CMakeFiles/cmTryCompileExec3220958918.dir/src.cxx.o -c /Users/joshua/Projects/sisl/build/CMakeFiles/CMakeTmp/src.cxx
/Users/joshua/Projects/sisl/build/CMakeFiles/CMakeTmp/src.cxx:2:10: fatal error: 'omp.h' file not found
#include <omp.h>
         ^
1 error generated.
make[1]: *** [CMakeFiles/cmTryCompileExec3220958918.dir/src.cxx.o] Error 1
make: *** [cmTryCompileExec3220958918/fast] Error 2

Source file was:

#include <omp.h>
int main() {
#ifdef _OPENMP
  return 0;
#else
  breaks_on_purpose
#endif
}

Performing C++ SOURCE FILE Test OpenMP_FLAG_DETECTED failed with the following output:
Change Dir: /Users/joshua/Projects/sisl/build/CMakeFiles/CMakeTmp

Run Build Command:"/usr/bin/make" "cmTryCompileExec2618628431/fast"
/Applications/Xcode.app/Contents/Developer/usr/bin/make -f CMakeFiles/cmTryCompileExec2618628431.dir/build.make CMakeFiles/cmTryCompileExec2618628431.dir/build
/opt/local/bin/cmake -E cmake_progress_report /Users/joshua/Projects/sisl/build/CMakeFiles/CMakeTmp/CMakeFiles 1
Building CXX object CMakeFiles/cmTryCompileExec2618628431.dir/src.cxx.o
/usr/bin/c++    -DOpenMP_FLAG_DETECTED -fopenmp   -o CMakeFiles/cmTryCompileExec2618628431.dir/src.cxx.o -c /Users/joshua/Projects/sisl/build/CMakeFiles/CMakeTmp/src.cxx
clang: warning: argument unused during compilation: '-fopenmp'
/Users/joshua/Projects/sisl/build/CMakeFiles/CMakeTmp/src.cxx:2:10: fatal error: 'omp.h' file not found
#include <omp.h>
         ^
1 error generated.
make[1]: *** [CMakeFiles/cmTryCompileExec2618628431.dir/src.cxx.o] Error 1
make: *** [cmTryCompileExec2618628431/fast] Error 2

Source file was:

#include <omp.h>
int main() {
#ifdef _OPENMP
  return 0;
#else
  breaks_on_purpose
#endif
}

Performing C++ SOURCE FILE Test OpenMP_FLAG_DETECTED failed with the following output:
Change Dir: /Users/joshua/Projects/sisl/build/CMakeFiles/CMakeTmp

Run Build Command:"/usr/bin/make" "cmTryCompileExec1152694679/fast"
/Applications/Xcode.app/Contents/Developer/usr/bin/make -f CMakeFiles/cmTryCompileExec1152694679.dir/build.make CMakeFiles/cmTryCompileExec1152694679.dir/build
/opt/local/bin/cmake -E cmake_progress_report /Users/joshua/Projects/sisl/build/CMakeFiles/CMakeTmp/CMakeFiles 1
Building CXX object CMakeFiles/cmTryCompileExec1152694679.dir/src.cxx.o
/usr/bin/c++    -DOpenMP_FLAG_DETECTED /openmp   -o CMakeFiles/cmTryCompileExec1152694679.dir/src.cxx.o -c /Users/joshua/Projects/sisl/build/CMakeFiles/CMakeTmp/src.cxx
clang: error: no such file or directory: '/openmp'
make[1]: *** [CMakeFiles/cmTryCompileExec1152694679.dir/src.cxx.o] Error 1
make: *** [cmTryCompileExec1152694679/fast] Error 2

Source file was:

#include <omp.h>
int main() {
#ifdef _OPENMP
  return 0;
#else
  breaks_on_purpose
#endif
}

Performing C++ SOURCE FILE Test OpenMP_FLAG_DETECTED failed with the following output:
Change Dir: /Users/joshua/Projects/sisl/build/CMakeFiles/CMakeTmp

Run Build Command:"/usr/bin/make" "cmTryCompileExec2159919539/fast"
/Applications/Xcode.app/Contents/Developer/usr/bin/make -f CMakeFiles/cmTryCompileExec2159919539.dir/build.make CMakeFiles/cmTryCompileExec2159919539.dir/build
/opt/local/bin/cmake -E cmake_progress_report /Users/joshua/Projects/sisl/build/CMakeFiles/CMakeTmp/CMakeFiles 1
Building CXX object CMakeFiles/cmTryCompileExec2159919539.dir/src.cxx.o
/usr/bin/c++    -DOpenMP_FLAG_DETECTED -Qopenmp   -o CMakeFiles/cmTryCompileExec2159919539.dir/src.cxx.o -c /Users/joshua/Projects/sisl/build/CMakeFiles/CMakeTmp/src.cxx
clang: error: unknown argument: '-Qopenmp'
make[1]: *** [CMakeFiles/cmTryCompileExec2159919539.dir/src.cxx.o] Error 1
make: *** [cmTryCompileExec2159919539/fast] Error 2

Source file was:

#include <omp.h>
int main() {
#ifdef _OPENMP
  return 0;
#else
  breaks_on_purpose
#endif
}

Performing C++ SOURCE FILE Test OpenMP_FLAG_DETECTED failed with the following output:
Change Dir: /Users/joshua/Projects/sisl/build/CMakeFiles/CMakeTmp

Run Build Command:"/usr/bin/make" "cmTryCompileExec1959867038/fast"
/Applications/Xcode.app/Contents/Developer/usr/bin/make -f CMakeFiles/cmTryCompileExec1959867038.dir/build.make CMakeFiles/cmTryCompileExec1959867038.dir/build
/opt/local/bin/cmake -E cmake_progress_report /Users/joshua/Projects/sisl/build/CMakeFiles/CMakeTmp/CMakeFiles 1
Building CXX object CMakeFiles/cmTryCompileExec1959867038.dir/src.cxx.o
/usr/bin/c++    -DOpenMP_FLAG_DETECTED -openmp   -o CMakeFiles/cmTryCompileExec1959867038.dir/src.cxx.o -c /Users/joshua/Projects/sisl/build/CMakeFiles/CMakeTmp/src.cxx
/Users/joshua/Projects/sisl/build/CMakeFiles/CMakeTmp/src.cxx:2:10: fatal error: 'omp.h' file not found
#include <omp.h>
         ^
1 error generated.
make[1]: *** [CMakeFiles/cmTryCompileExec1959867038.dir/src.cxx.o] Error 1
make: *** [cmTryCompileExec1959867038/fast] Error 2

Source file was:

#include <omp.h>
int main() {
#ifdef _OPENMP
  return 0;
#else
  breaks_on_purpose
#endif
}

Performing C++ SOURCE FILE Test OpenMP_FLAG_DETECTED failed with the following output:
Change Dir: /Users/joshua/Projects/sisl/build/CMakeFiles/CMakeTmp

Run Build Command:"/usr/bin/make" "cmTryCompileExec3284040832/fast"
/Applications/Xcode.app/Contents/Developer/usr/bin/make -f CMakeFiles/cmTryCompileExec3284040832.dir/build.make CMakeFiles/cmTryCompileExec3284040832.dir/build
/opt/local/bin/cmake -E cmake_progress_report /Users/joshua/Projects/sisl/build/CMakeFiles/CMakeTmp/CMakeFiles 1
Building CXX object CMakeFiles/cmTryCompileExec3284040832.dir/src.cxx.o
/usr/bin/c++    -DOpenMP_FLAG_DETECTED -xopenmp   -o CMakeFiles/cmTryCompileExec3284040832.dir/src.cxx.o -c /Users/joshua/Projects/sisl/build/CMakeFiles/CMakeTmp/src.cxx
clang: error: language not recognized: 'openmp'
clang: warning: /Users/joshua/Projects/sisl/build/CMakeFiles/CMakeTmp/src.cxx: 'linker' input unused
make[1]: *** [CMakeFiles/cmTryCompileExec3284040832.dir/src.cxx.o] Error 1
make: *** [cmTryCompileExec3284040832/fast] Error 2

Source file was:

#include <omp.h>
int main() {
#ifdef _OPENMP
  return 0;
#else
  breaks_on_purpose
#endif
}

Performing C++ SOURCE FILE Test OpenMP_FLAG_DETECTED failed with the following output:
Change Dir: /Users/joshua/Projects/sisl/build/CMakeFiles/CMakeTmp

Run Build Command:"/usr/bin/make" "cmTryCompileExec267349678/fast"
/Applications/Xcode.app/Contents/Developer/usr/bin/make -f CMakeFiles/cmTryCompileExec267349678.dir/build.make CMakeFiles/cmTryCompileExec267349678.dir/build
/opt/local/bin/cmake -E cmake_progress_report /Users/joshua/Projects/sisl/build/CMakeFiles/CMakeTmp/CMakeFiles 1
Building CXX object CMakeFiles/cmTryCompileExec267349678.dir/src.cxx.o
/usr/bin/c++    -DOpenMP_FLAG_DETECTED +Oopenmp   -o CMakeFiles/cmTryCompileExec267349678.dir/src.cxx.o -c /Users/joshua/Projects/sisl/build/CMakeFiles/CMakeTmp/src.cxx
clang: error: no such file or directory: '+Oopenmp'
make[1]: *** [CMakeFiles/cmTryCompileExec267349678.dir/src.cxx.o] Error 1
make: *** [cmTryCompileExec267349678/fast] Error 2

Source file was:

#include <omp.h>
int main() {
#ifdef _OPENMP
  return 0;
#else
  breaks_on_purpose
#endif
}

Performing C++ SOURCE FILE Test OpenMP_FLAG_DETECTED failed with the following output:
Change Dir: /Users/joshua/Projects/sisl/build/CMakeFiles/CMakeTmp

Run Build Command:"/usr/bin/make" "cmTryCompileExec3629030147/fast"
/Applications/Xcode.app/Contents/Developer/usr/bin/make -f CMakeFiles/cmTryCompileExec3629030147.dir/build.make CMakeFiles/cmTryCompileExec3629030147.dir/build
/opt/local/bin/cmake -E cmake_progress_report /Users/joshua/Projects/sisl/build/CMakeFiles/CMakeTmp/CMakeFiles 1
Building CXX object CMakeFiles/cmTryCompileExec3629030147.dir/src.cxx.o
/usr/bin/c++    -DOpenMP_FLAG_DETECTED -qsmp   -o CMakeFiles/cmTryCompileExec3629030147.dir/src.cxx.o -c /Users/joshua/Projects/sisl/build/CMakeFiles/CMakeTmp/src.cxx
clang: error: unknown argument: '-qsmp'
make[1]: *** [CMakeFiles/cmTryCompileExec3629030147.dir/src.cxx.o] Error 1
make: *** [cmTryCompileExec3629030147/fast] Error 2

Source file was:

#include <omp.h>
int main() {
#ifdef _OPENMP
  return 0;
#else
  breaks_on_purpose
#endif
}

Performing C++ SOURCE FILE Test OpenMP_FLAG_DETECTED failed with the following output:
Change Dir: /Users/joshua/Projects/sisl/build/CMakeFiles/CMakeTmp

Run Build Command:"/usr/bin/make" "cmTryCompileExec2066366033/fast"
/Applications/Xcode.app/Contents/Developer/usr/bin/make -f CMakeFiles/cmTryCompileExec2066366033.dir/build.make CMakeFiles/cmTryCompileExec2066366033.dir/build
/opt/local/bin/cmake -E cmake_progress_report /Users/joshua/Projects/sisl/build/CMakeFiles/CMakeTmp/CMakeFiles 1
Building CXX object CMakeFiles/cmTryCompileExec2066366033.dir/src.cxx.o
/usr/bin/c++    -DOpenMP_FLAG_DETECTED -mp   -o CMakeFiles/cmTryCompileExec2066366033.dir/src.cxx.o -c /Users/joshua/Projects/sisl/build/CMakeFiles/CMakeTmp/src.cxx
clang: error: unknown argument: '-mp'
make[1]: *** [CMakeFiles/cmTryCompileExec2066366033.dir/src.cxx.o] Error 1
make: *** [cmTryCompileExec2066366033/fast] Error 2

Source file was:

#include <omp.h>
int main() {
#ifdef _OPENMP
  return 0;
#else
  breaks_on_purpose
#endif
}

